<?xml version="1.0" encoding="UTF-8"?>
<!-- Generated by org.testng.reporters.JUnitXMLReporter -->
<testsuite hostname="Krishanu-PC" ignored="0" name="TestTwo" tests="2" failures="0" timestamp="09 Jun 2019 19:32:26 GMT" time="0.015" errors="0">
  <testcase name="@BeforeSuite setUp" time="0.0" classname="crossBrowserTesting.TestNGBase">
    <failure type="org.testng.TestNGException" message="
Parameter &amp;apos;name&amp;apos; is required by BeforeSuite on method setUp but has not been marked @Optional or defined
in E:\Selenium\Project\seleniumPracticeProject_3.4\testngParams.xml">
      <![CDATA[org.testng.TestNGException: 
Parameter 'name' is required by BeforeSuite on method setUp but has not been marked @Optional or defined
in E:\Selenium\Project\seleniumPracticeProject_3.4\testngParams.xml
... Removed 16 stack frames]]>
    </failure>
  </testcase> <!-- @BeforeSuite setUp -->
  <testcase name="demoTestOne" time="0.0" classname="crossBrowserTesting.TestNGParams">
    <skipped/>
  </testcase> <!-- demoTestOne -->
  <testcase name="demoTestTwo" time="0.0" classname="crossBrowserTesting.TestNGParams">
    <skipped/>
  </testcase> <!-- demoTestTwo -->
</testsuite> <!-- TestTwo -->
